{"/usr/src/app/src/index.ts": {"path":"/usr/src/app/src/index.ts","statementMap":{"0":{"start":{"line":1,"column":0},"end":{"line":1,"column":61}},"1":{"start":{"line":2,"column":0},"end":{"line":2,"column":27}},"2":{"start":{"line":4,"column":0},"end":{"line":4,"column":33}},"3":{"start":{"line":5,"column":0},"end":{"line":5,"column":53}},"4":{"start":{"line":7,"column":0},"end":{"line":7,"column":null}},"5":{"start":{"line":9,"column":21},"end":{"line":9,"column":30}},"6":{"start":{"line":24,"column":9},"end":{"line":24,"column":12}},"7":{"start":{"line":10,"column":13},"end":{"line":10,"column":29}},"8":{"start":{"line":12,"column":0},"end":{"line":12,"column":null}},"9":{"start":{"line":13,"column":0},"end":{"line":13,"column":null}},"10":{"start":{"line":15,"column":0},"end":{"line":20,"column":null}},"11":{"start":{"line":16,"column":2},"end":{"line":16,"column":null}},"12":{"start":{"line":17,"column":2},"end":{"line":17,"column":null}},"13":{"start":{"line":18,"column":2},"end":{"line":18,"column":null}},"14":{"start":{"line":19,"column":2},"end":{"line":19,"column":null}},"15":{"start":{"line":22,"column":0},"end":{"line":22,"column":null}}},"fnMap":{"0":{"name":"(anonymous_1)","decl":{"start":{"line":15,"column":8},"end":{"line":15,"column":9}},"loc":{"start":{"line":15,"column":46},"end":{"line":20,"column":1}}}},"branchMap":{},"s":{"0":1,"1":1,"2":1,"3":1,"4":1,"5":1,"6":1,"7":1,"8":1,"9":1,"10":1,"11":2,"12":2,"13":2,"14":2,"15":1},"f":{"0":2},"b":{}}
,"/usr/src/app/src/controllers/user-controller.ts": {"path":"/usr/src/app/src/controllers/user-controller.ts","statementMap":{"0":{"start":{"line":3,"column":0},"end":{"line":3,"column":65}},"1":{"start":{"line":4,"column":0},"end":{"line":4,"column":65}},"2":{"start":{"line":6,"column":35},"end":{"line":19,"column":null}},"3":{"start":{"line":6,"column":73},"end":{"line":19,"column":null}},"4":{"start":{"line":7,"column":2},"end":{"line":18,"column":null}},"5":{"start":{"line":8,"column":21},"end":{"line":8,"column":24}},"6":{"start":{"line":10,"column":16},"end":{"line":10,"column":67}},"7":{"start":{"line":12,"column":4},"end":{"line":15,"column":null}},"8":{"start":{"line":17,"column":4},"end":{"line":17,"column":null}},"9":{"start":{"line":6,"column":13},"end":{"line":6,"column":35}},"10":{"start":{"line":21,"column":35},"end":{"line":31,"column":null}},"11":{"start":{"line":21,"column":73},"end":{"line":31,"column":null}},"12":{"start":{"line":22,"column":2},"end":{"line":30,"column":null}},"13":{"start":{"line":23,"column":22},"end":{"line":23,"column":31}},"14":{"start":{"line":25,"column":18},"end":{"line":25,"column":57}},"15":{"start":{"line":27,"column":4},"end":{"line":27,"column":null}},"16":{"start":{"line":29,"column":4},"end":{"line":29,"column":null}},"17":{"start":{"line":21,"column":13},"end":{"line":21,"column":35}}},"fnMap":{"0":{"name":"(anonymous_7)","decl":{"start":{"line":6,"column":35},"end":{"line":6,"column":42}},"loc":{"start":{"line":6,"column":73},"end":{"line":19,"column":null}}},"1":{"name":"(anonymous_8)","decl":{"start":{"line":6,"column":73},"end":{"line":6,"column":null}},"loc":{"start":{"line":6,"column":73},"end":{"line":19,"column":1}}},"2":{"name":"(anonymous_9)","decl":{"start":{"line":21,"column":35},"end":{"line":21,"column":42}},"loc":{"start":{"line":21,"column":73},"end":{"line":31,"column":null}}},"3":{"name":"(anonymous_10)","decl":{"start":{"line":21,"column":73},"end":{"line":21,"column":null}},"loc":{"start":{"line":21,"column":73},"end":{"line":31,"column":1}}}},"branchMap":{},"s":{"0":1,"1":1,"2":1,"3":1,"4":1,"5":1,"6":1,"7":0,"8":1,"9":1,"10":1,"11":1,"12":1,"13":1,"14":1,"15":1,"16":0,"17":1},"f":{"0":1,"1":1,"2":1,"3":1},"b":{}}
,"/usr/src/app/src/errors/index.ts": {"path":"/usr/src/app/src/errors/index.ts","statementMap":{"0":{"start":{"line":15,"column":4},"end":{"line":15,"column":null}},"1":{"start":{"line":17,"column":4},"end":{"line":17,"column":null}},"2":{"start":{"line":18,"column":4},"end":{"line":18,"column":null}},"3":{"start":{"line":19,"column":4},"end":{"line":19,"column":null}},"4":{"start":{"line":20,"column":4},"end":{"line":20,"column":null}},"5":{"start":{"line":8,"column":0},"end":{"line":8,"column":13}},"6":{"start":{"line":26,"column":4},"end":{"line":31,"column":null}},"7":{"start":{"line":24,"column":0},"end":{"line":24,"column":13}},"8":{"start":{"line":37,"column":4},"end":{"line":42,"column":null}},"9":{"start":{"line":35,"column":0},"end":{"line":35,"column":13}},"10":{"start":{"line":48,"column":4},"end":{"line":53,"column":null}},"11":{"start":{"line":46,"column":0},"end":{"line":46,"column":13}}},"fnMap":{"0":{"name":"(anonymous_0)","decl":{"start":{"line":14,"column":2},"end":{"line":14,"column":14}},"loc":{"start":{"line":14,"column":66},"end":{"line":21,"column":3}}},"1":{"name":"(anonymous_1)","decl":{"start":{"line":25,"column":2},"end":{"line":25,"column":14}},"loc":{"start":{"line":25,"column":45},"end":{"line":32,"column":3}}},"2":{"name":"(anonymous_2)","decl":{"start":{"line":36,"column":2},"end":{"line":36,"column":14}},"loc":{"start":{"line":36,"column":46},"end":{"line":43,"column":3}}},"3":{"name":"(anonymous_3)","decl":{"start":{"line":47,"column":2},"end":{"line":47,"column":14}},"loc":{"start":{"line":47,"column":45},"end":{"line":54,"column":3}}}},"branchMap":{"0":{"loc":{"start":{"line":17,"column":19},"end":{"line":17,"column":49}},"type":"binary-expr","locations":[{"start":{"line":17,"column":19},"end":{"line":17,"column":26}},{"start":{"line":17,"column":30},"end":{"line":17,"column":49}}]},"1":{"loc":{"start":{"line":18,"column":15},"end":{"line":18,"column":37}},"type":"binary-expr","locations":[{"start":{"line":18,"column":15},"end":{"line":18,"column":18}},{"start":{"line":18,"column":22},"end":{"line":18,"column":37}}]},"2":{"loc":{"start":{"line":19,"column":18},"end":{"line":19,"column":48}},"type":"binary-expr","locations":[{"start":{"line":19,"column":18},"end":{"line":19,"column":24}},{"start":{"line":19,"column":28},"end":{"line":19,"column":48}}]},"3":{"loc":{"start":{"line":20,"column":22},"end":{"line":20,"column":39}},"type":"binary-expr","locations":[{"start":{"line":20,"column":22},"end":{"line":20,"column":32}},{"start":{"line":20,"column":36},"end":{"line":20,"column":39}}]},"4":{"loc":{"start":{"line":27,"column":15},"end":{"line":27,"column":61}},"type":"binary-expr","locations":[{"start":{"line":27,"column":15},"end":{"line":27,"column":22}},{"start":{"line":27,"column":26},"end":{"line":27,"column":61}}]},"5":{"loc":{"start":{"line":29,"column":14},"end":{"line":29,"column":44}},"type":"binary-expr","locations":[{"start":{"line":29,"column":14},"end":{"line":29,"column":20}},{"start":{"line":29,"column":24},"end":{"line":29,"column":44}}]},"6":{"loc":{"start":{"line":38,"column":15},"end":{"line":38,"column":56}},"type":"binary-expr","locations":[{"start":{"line":38,"column":15},"end":{"line":38,"column":22}},{"start":{"line":38,"column":26},"end":{"line":38,"column":56}}]},"7":{"loc":{"start":{"line":40,"column":14},"end":{"line":40,"column":75}},"type":"binary-expr","locations":[{"start":{"line":40,"column":14},"end":{"line":40,"column":20}},{"start":{"line":40,"column":24},"end":{"line":40,"column":75}}]},"8":{"loc":{"start":{"line":49,"column":15},"end":{"line":49,"column":78}},"type":"binary-expr","locations":[{"start":{"line":49,"column":15},"end":{"line":49,"column":22}},{"start":{"line":49,"column":26},"end":{"line":49,"column":78}}]},"9":{"loc":{"start":{"line":51,"column":14},"end":{"line":51,"column":68}},"type":"binary-expr","locations":[{"start":{"line":51,"column":14},"end":{"line":51,"column":20}},{"start":{"line":51,"column":24},"end":{"line":51,"column":68}}]}},"s":{"0":3,"1":3,"2":3,"3":3,"4":3,"5":3,"6":0,"7":3,"8":3,"9":3,"10":0,"11":3},"f":{"0":3,"1":0,"2":3,"3":0},"b":{"0":[3,0],"1":[3,0],"2":[3,0],"3":[3,0],"4":[0,0],"5":[0,0],"6":[3,0],"7":[3,0],"8":[0,0],"9":[0,0]}}
,"/usr/src/app/src/middlewares/error.ts": {"path":"/usr/src/app/src/middlewares/error.ts","statementMap":{"0":{"start":{"line":3,"column":0},"end":{"line":3,"column":47}},"1":{"start":{"line":5,"column":31},"end":{"line":12,"column":1}},"2":{"start":{"line":11,"column":2},"end":{"line":11,"column":null}},"3":{"start":{"line":5,"column":13},"end":{"line":5,"column":31}}},"fnMap":{"0":{"name":"(anonymous_0)","decl":{"start":{"line":5,"column":31},"end":{"line":5,"column":null}},"loc":{"start":{"line":10,"column":4},"end":{"line":12,"column":1}}}},"branchMap":{},"s":{"0":1,"1":1,"2":0,"3":1},"f":{"0":0},"b":{}}
,"/usr/src/app/src/middlewares/upload.ts": {"path":"/usr/src/app/src/middlewares/upload.ts","statementMap":{"0":{"start":{"line":1,"column":0},"end":{"line":1,"column":27}},"1":{"start":{"line":3,"column":16},"end":{"line":7,"column":2}},"2":{"start":{"line":5,"column":4},"end":{"line":5,"column":null}},"3":{"start":{"line":9,"column":15},"end":{"line":9,"column":43}},"4":{"start":{"line":11,"column":0},"end":{"line":11,"column":null}}},"fnMap":{"0":{"name":"(anonymous_1)","decl":{"start":{"line":4,"column":12},"end":{"line":4,"column":22}},"loc":{"start":{"line":4,"column":35},"end":{"line":6,"column":3}}}},"branchMap":{},"s":{"0":1,"1":1,"2":0,"3":1,"4":1},"f":{"0":0},"b":{}}
,"/usr/src/app/src/repositories/user-repository.ts": {"path":"/usr/src/app/src/repositories/user-repository.ts","statementMap":{"0":{"start":{"line":1,"column":0},"end":{"line":1,"column":45}},"1":{"start":{"line":3,"column":15},"end":{"line":3,"column":33}},"2":{"start":{"line":7,"column":13},"end":{"line":48,"column":null}},"3":{"start":{"line":9,"column":25},"end":{"line":12,"column":null}},"4":{"start":{"line":10,"column":31},"end":{"line":12,"column":8}},"5":{"start":{"line":11,"column":8},"end":{"line":11,"column":null}},"6":{"start":{"line":15,"column":4},"end":{"line":15,"column":null}},"7":{"start":{"line":19,"column":18},"end":{"line":44,"column":6}},"8":{"start":{"line":46,"column":4},"end":{"line":46,"column":null}}},"fnMap":{"0":{"name":"(anonymous_7)","decl":{"start":{"line":8,"column":8},"end":{"line":8,"column":22}},"loc":{"start":{"line":8,"column":45},"end":{"line":16,"column":null}}},"1":{"name":"(anonymous_9)","decl":{"start":{"line":10,"column":16},"end":{"line":10,"column":23}},"loc":{"start":{"line":10,"column":31},"end":{"line":12,"column":8}}},"2":{"name":"(anonymous_10)","decl":{"start":{"line":10,"column":31},"end":{"line":10,"column":null}},"loc":{"start":{"line":10,"column":31},"end":{"line":12,"column":7}}},"3":{"name":"(anonymous_11)","decl":{"start":{"line":18,"column":8},"end":{"line":18,"column":17}},"loc":{"start":{"line":18,"column":31},"end":{"line":47,"column":null}}}},"branchMap":{},"s":{"0":3,"1":3,"2":3,"3":0,"4":0,"5":0,"6":0,"7":0,"8":0},"f":{"0":0,"1":0,"2":0,"3":0},"b":{}}
,"/usr/src/app/src/routes/files-routes.ts": {"path":"/usr/src/app/src/routes/files-routes.ts","statementMap":{"0":{"start":{"line":1,"column":0},"end":{"line":1,"column":32}},"1":{"start":{"line":2,"column":0},"end":{"line":2,"column":68}},"2":{"start":{"line":4,"column":0},"end":{"line":4,"column":42}},"3":{"start":{"line":6,"column":20},"end":{"line":6,"column":28}},"4":{"start":{"line":10,"column":9},"end":{"line":10,"column":20}},"5":{"start":{"line":8,"column":0},"end":{"line":8,"column":null}}},"fnMap":{},"branchMap":{},"s":{"0":1,"1":1,"2":1,"3":1,"4":1,"5":1},"f":{},"b":{}}
,"/usr/src/app/src/routes/index.ts": {"path":"/usr/src/app/src/routes/index.ts","statementMap":{"0":{"start":{"line":1,"column":0},"end":{"line":1,"column":32}},"1":{"start":{"line":3,"column":0},"end":{"line":3,"column":42}},"2":{"start":{"line":4,"column":0},"end":{"line":4,"column":44}},"3":{"start":{"line":6,"column":15},"end":{"line":6,"column":23}},"4":{"start":{"line":11,"column":9},"end":{"line":11,"column":15}},"5":{"start":{"line":8,"column":0},"end":{"line":8,"column":null}},"6":{"start":{"line":9,"column":0},"end":{"line":9,"column":null}}},"fnMap":{},"branchMap":{},"s":{"0":1,"1":1,"2":1,"3":1,"4":1,"5":1,"6":1},"f":{},"b":{}}
,"/usr/src/app/src/routes/user-routes.ts": {"path":"/usr/src/app/src/routes/user-routes.ts","statementMap":{"0":{"start":{"line":1,"column":0},"end":{"line":1,"column":32}},"1":{"start":{"line":2,"column":0},"end":{"line":2,"column":68}},"2":{"start":{"line":4,"column":19},"end":{"line":4,"column":27}},"3":{"start":{"line":8,"column":9},"end":{"line":8,"column":19}},"4":{"start":{"line":6,"column":0},"end":{"line":6,"column":null}}},"fnMap":{},"branchMap":{},"s":{"0":1,"1":1,"2":1,"3":1,"4":1},"f":{},"b":{}}
,"/usr/src/app/src/services/import-csv-service.ts": {"path":"/usr/src/app/src/services/import-csv-service.ts","statementMap":{"0":{"start":{"line":1,"column":0},"end":{"line":1,"column":19}},"1":{"start":{"line":2,"column":0},"end":{"line":2,"column":33}},"2":{"start":{"line":4,"column":0},"end":{"line":4,"column":64}},"3":{"start":{"line":7,"column":0},"end":{"line":7,"column":43}},"4":{"start":{"line":9,"column":32},"end":{"line":31,"column":null}},"5":{"start":{"line":11,"column":33},"end":{"line":31,"column":null}},"6":{"start":{"line":12,"column":2},"end":{"line":30,"column":null}},"7":{"start":{"line":13,"column":4},"end":{"line":18,"column":null}},"8":{"start":{"line":14,"column":6},"end":{"line":17,"column":null}},"9":{"start":{"line":20,"column":18},"end":{"line":20,"column":42}},"10":{"start":{"line":22,"column":4},"end":{"line":22,"column":22}},"11":{"start":{"line":22,"column":16},"end":{"line":22,"column":22}},"12":{"start":{"line":24,"column":4},"end":{"line":24,"column":null}},"13":{"start":{"line":26,"column":4},"end":{"line":29,"column":null}},"14":{"start":{"line":9,"column":13},"end":{"line":9,"column":32}},"15":{"start":{"line":33,"column":21},"end":{"line":58,"column":null}},"16":{"start":{"line":35,"column":30},"end":{"line":58,"column":null}},"17":{"start":{"line":36,"column":2},"end":{"line":57,"column":null}},"18":{"start":{"line":37,"column":19},"end":{"line":37,"column":49}},"19":{"start":{"line":39,"column":22},"end":{"line":39,"column":32}},"20":{"start":{"line":41,"column":4},"end":{"line":41,"column":null}},"21":{"start":{"line":43,"column":35},"end":{"line":43,"column":37}},"22":{"start":{"line":45,"column":4},"end":{"line":56,"column":null}},"23":{"start":{"line":46,"column":33},"end":{"line":50,"column":8}},"24":{"start":{"line":47,"column":56},"end":{"line":47,"column":60}},"25":{"start":{"line":49,"column":8},"end":{"line":49,"column":null}},"26":{"start":{"line":52,"column":8},"end":{"line":52,"column":null}},"27":{"start":{"line":55,"column":8},"end":{"line":55,"column":null}}},"fnMap":{"0":{"name":"(anonymous_8)","decl":{"start":{"line":9,"column":32},"end":{"line":9,"column":null}},"loc":{"start":{"line":11,"column":33},"end":{"line":31,"column":null}}},"1":{"name":"(anonymous_9)","decl":{"start":{"line":11,"column":33},"end":{"line":11,"column":null}},"loc":{"start":{"line":11,"column":33},"end":{"line":31,"column":1}}},"2":{"name":"(anonymous_10)","decl":{"start":{"line":33,"column":21},"end":{"line":33,"column":null}},"loc":{"start":{"line":35,"column":30},"end":{"line":58,"column":null}}},"3":{"name":"(anonymous_11)","decl":{"start":{"line":35,"column":30},"end":{"line":35,"column":null}},"loc":{"start":{"line":35,"column":30},"end":{"line":58,"column":1}}},"4":{"name":"(anonymous_12)","decl":{"start":{"line":36,"column":21},"end":{"line":36,"column":22}},"loc":{"start":{"line":36,"column":41},"end":{"line":57,"column":3}}},"5":{"name":"(anonymous_13)","decl":{"start":{"line":46,"column":18},"end":{"line":46,"column":25}},"loc":{"start":{"line":46,"column":33},"end":{"line":50,"column":8}}},"6":{"name":"(anonymous_14)","decl":{"start":{"line":46,"column":33},"end":{"line":46,"column":null}},"loc":{"start":{"line":46,"column":33},"end":{"line":50,"column":7}}},"7":{"name":"(anonymous_15)","decl":{"start":{"line":51,"column":17},"end":{"line":51,"column":20}},"loc":{"start":{"line":51,"column":22},"end":{"line":53,"column":7}}},"8":{"name":"(anonymous_16)","decl":{"start":{"line":54,"column":19},"end":{"line":54,"column":20}},"loc":{"start":{"line":54,"column":27},"end":{"line":56,"column":7}}}},"branchMap":{"0":{"loc":{"start":{"line":13,"column":4},"end":{"line":18,"column":null}},"type":"if","locations":[{"start":{"line":13,"column":4},"end":{"line":18,"column":null}}]},"1":{"loc":{"start":{"line":22,"column":4},"end":{"line":22,"column":22}},"type":"if","locations":[{"start":{"line":22,"column":4},"end":{"line":22,"column":22}}]}},"s":{"0":2,"1":2,"2":2,"3":2,"4":2,"5":2,"6":2,"7":2,"8":1,"9":0,"10":0,"11":0,"12":0,"13":2,"14":2,"15":2,"16":0,"17":0,"18":0,"19":0,"20":0,"21":0,"22":0,"23":0,"24":0,"25":0,"26":0,"27":0},"f":{"0":2,"1":2,"2":0,"3":0,"4":0,"5":0,"6":0,"7":0,"8":0},"b":{"0":[1],"1":[0]}}
,"/usr/src/app/src/services/list-users-service.ts": {"path":"/usr/src/app/src/services/list-users-service.ts","statementMap":{"0":{"start":{"line":1,"column":0},"end":{"line":1,"column":64}},"1":{"start":{"line":5,"column":0},"end":{"line":5,"column":37}},"2":{"start":{"line":7,"column":32},"end":{"line":20,"column":null}},"3":{"start":{"line":7,"column":78},"end":{"line":20,"column":null}},"4":{"start":{"line":8,"column":2},"end":{"line":19,"column":null}},"5":{"start":{"line":9,"column":4},"end":{"line":11,"column":null}},"6":{"start":{"line":10,"column":6},"end":{"line":10,"column":null}},"7":{"start":{"line":13,"column":4},"end":{"line":13,"column":null}},"8":{"start":{"line":15,"column":4},"end":{"line":18,"column":null}},"9":{"start":{"line":7,"column":13},"end":{"line":7,"column":32}}},"fnMap":{"0":{"name":"(anonymous_7)","decl":{"start":{"line":7,"column":32},"end":{"line":7,"column":39}},"loc":{"start":{"line":7,"column":78},"end":{"line":20,"column":null}}},"1":{"name":"(anonymous_8)","decl":{"start":{"line":7,"column":78},"end":{"line":7,"column":null}},"loc":{"start":{"line":7,"column":78},"end":{"line":20,"column":1}}}},"branchMap":{"0":{"loc":{"start":{"line":7,"column":39},"end":{"line":7,"column":57}},"type":"default-arg","locations":[{"start":{"line":7,"column":55},"end":{"line":7,"column":57}}]},"1":{"loc":{"start":{"line":9,"column":4},"end":{"line":11,"column":null}},"type":"if","locations":[{"start":{"line":9,"column":4},"end":{"line":11,"column":null}}]}},"s":{"0":2,"1":2,"2":2,"3":2,"4":2,"5":2,"6":2,"7":0,"8":0,"9":2},"f":{"0":2,"1":2},"b":{"0":[0],"1":[2]}}
}
