TN:
SF:src/index.ts
FN:15,(anonymous_1)
FNF:1
FNH:1
FNDA:2,(anonymous_1)
DA:1,1
DA:2,1
DA:4,1
DA:5,1
DA:7,1
DA:9,1
DA:10,1
DA:12,1
DA:13,1
DA:15,1
DA:16,2
DA:17,2
DA:18,2
DA:19,2
DA:22,1
DA:24,1
LF:16
LH:16
BRF:0
BRH:0
end_of_record
TN:
SF:src/controllers/user-controller.ts
FN:6,(anonymous_7)
FN:6,(anonymous_8)
FN:21,(anonymous_9)
FN:21,(anonymous_10)
FNF:4
FNH:4
FNDA:1,(anonymous_7)
FNDA:1,(anonymous_8)
FNDA:1,(anonymous_9)
FNDA:1,(anonymous_10)
DA:3,1
DA:4,1
DA:6,1
DA:7,1
DA:8,1
DA:10,1
DA:12,0
DA:17,1
DA:21,1
DA:22,1
DA:23,1
DA:25,1
DA:27,1
DA:29,0
LF:14
LH:12
BRF:0
BRH:0
end_of_record
TN:
SF:src/errors/index.ts
FN:14,(anonymous_0)
FN:25,(anonymous_1)
FN:36,(anonymous_2)
FN:47,(anonymous_3)
FNF:4
FNH:2
FNDA:3,(anonymous_0)
FNDA:0,(anonymous_1)
FNDA:3,(anonymous_2)
FNDA:0,(anonymous_3)
DA:8,3
DA:15,3
DA:17,3
DA:18,3
DA:19,3
DA:20,3
DA:24,3
DA:26,0
DA:35,3
DA:37,3
DA:46,3
DA:48,0
LF:12
LH:10
BRDA:17,0,0,3
BRDA:17,0,1,0
BRDA:18,1,0,3
BRDA:18,1,1,0
BRDA:19,2,0,3
BRDA:19,2,1,0
BRDA:20,3,0,3
BRDA:20,3,1,0
BRDA:27,4,0,0
BRDA:27,4,1,0
BRDA:29,5,0,0
BRDA:29,5,1,0
BRDA:38,6,0,3
BRDA:38,6,1,0
BRDA:40,7,0,3
BRDA:40,7,1,0
BRDA:49,8,0,0
BRDA:49,8,1,0
BRDA:51,9,0,0
BRDA:51,9,1,0
BRF:20
BRH:6
end_of_record
TN:
SF:src/middlewares/error.ts
FN:5,(anonymous_0)
FNF:1
FNH:0
FNDA:0,(anonymous_0)
DA:3,1
DA:5,1
DA:11,0
LF:3
LH:2
BRF:0
BRH:0
end_of_record
TN:
SF:src/middlewares/upload.ts
FN:4,(anonymous_1)
FNF:1
FNH:0
FNDA:0,(anonymous_1)
DA:1,1
DA:3,1
DA:5,0
DA:9,1
DA:11,1
LF:5
LH:4
BRF:0
BRH:0
end_of_record
TN:
SF:src/repositories/user-repository.ts
FN:8,(anonymous_7)
FN:10,(anonymous_9)
FN:10,(anonymous_10)
FN:18,(anonymous_11)
FNF:4
FNH:0
FNDA:0,(anonymous_7)
FNDA:0,(anonymous_9)
FNDA:0,(anonymous_10)
FNDA:0,(anonymous_11)
DA:1,3
DA:3,3
DA:7,3
DA:9,0
DA:10,0
DA:11,0
DA:15,0
DA:19,0
DA:46,0
LF:9
LH:3
BRF:0
BRH:0
end_of_record
TN:
SF:src/routes/files-routes.ts
FNF:0
FNH:0
DA:1,1
DA:2,1
DA:4,1
DA:6,1
DA:8,1
DA:10,1
LF:6
LH:6
BRF:0
BRH:0
end_of_record
TN:
SF:src/routes/index.ts
FNF:0
FNH:0
DA:1,1
DA:3,1
DA:4,1
DA:6,1
DA:8,1
DA:9,1
DA:11,1
LF:7
LH:7
BRF:0
BRH:0
end_of_record
TN:
SF:src/routes/user-routes.ts
FNF:0
FNH:0
DA:1,1
DA:2,1
DA:4,1
DA:6,1
DA:8,1
LF:5
LH:5
BRF:0
BRH:0
end_of_record
TN:
SF:src/services/import-csv-service.ts
FN:9,(anonymous_8)
FN:11,(anonymous_9)
FN:33,(anonymous_10)
FN:35,(anonymous_11)
FN:36,(anonymous_12)
FN:46,(anonymous_13)
FN:46,(anonymous_14)
FN:51,(anonymous_15)
FN:54,(anonymous_16)
FNF:9
FNH:2
FNDA:2,(anonymous_8)
FNDA:2,(anonymous_9)
FNDA:0,(anonymous_10)
FNDA:0,(anonymous_11)
FNDA:0,(anonymous_12)
FNDA:0,(anonymous_13)
FNDA:0,(anonymous_14)
FNDA:0,(anonymous_15)
FNDA:0,(anonymous_16)
DA:1,2
DA:2,2
DA:4,2
DA:7,2
DA:9,2
DA:11,2
DA:12,2
DA:13,2
DA:14,1
DA:20,0
DA:22,0
DA:24,0
DA:26,2
DA:33,2
DA:35,0
DA:36,0
DA:37,0
DA:39,0
DA:41,0
DA:43,0
DA:45,0
DA:46,0
DA:47,0
DA:49,0
DA:52,0
DA:55,0
LF:26
LH:11
BRDA:13,0,0,1
BRDA:22,1,0,0
BRF:2
BRH:1
end_of_record
TN:
SF:src/services/list-users-service.ts
FN:7,(anonymous_7)
FN:7,(anonymous_8)
FNF:2
FNH:2
FNDA:2,(anonymous_7)
FNDA:2,(anonymous_8)
DA:1,2
DA:5,2
DA:7,2
DA:8,2
DA:9,2
DA:10,2
DA:13,0
DA:15,0
LF:8
LH:6
BRDA:7,0,0,0
BRDA:9,1,0,2
BRF:2
BRH:1
end_of_record
